#
# A fatal error has been detected by the Java Runtime Environment:
#
#  EXCEPTION_ACCESS_VIOLATION (0xc0000005) at pc=0x68d50549, pid=1228, tid=4120
#
# JRE version: Java(TM) SE Runtime Environment (8.0_45-b15) (build 1.8.0_45-b15)
# Java VM: Java HotSpot(TM) Client VM (25.45-b02 mixed mode windows-x86 )
# Problematic frame:
# V  [jvm.dll+0x1b0549]
#
# Failed to write core dump. Minidumps are not enabled by default on client versions of Windows
#
# If you would like to submit a bug report, please visit:
#   http://bugreport.java.com/bugreport/crash.jsp
#

---------------  T H R E A D  ---------------

Current thread (0x010cd000):  VMThread [stack: 0x14d00000,0x14d50000] [id=4120]

siginfo: ExceptionCode=0xc0000005, reading address 0x00000188

Registers:
EAX=0x08c2ae08, EBX=0x00000000, ECX=0x00010029, EDX=0x00000100
ESP=0x14d4f330, EBP=0x14d4f348, ESI=0x000003fe, EDI=0x09e23c18
EIP=0x68d50549, EFLAGS=0x00010206

Top of Stack: (sp=0x14d4f330)
0x14d4f330:   08c2ae08 01143000 68f00764 00000000
0x14d4f340:   00000000 68f00764 14d4f354 68d5074c
0x14d4f350:   01143004 14d4f53c 68d156b3 01143004
0x14d4f360:   00000001 01143000 00000000 00000000
0x14d4f370:   00000000 027b4114 010cdb90 14d4f390
0x14d4f380:   68bfde28 14d4f5f4 68f00788 001b17d8
0x14d4f390:   010cdb88 68d82001 00000000 00000000
0x14d4f3a0:   00000000 68e7388c 00000000 00000000 

Instructions: (pc=0x68d50549)
0x68d50529:   23 f0 29 35 e8 06 f0 68 a3 e4 06 f0 68 8b c7 eb
0x68d50539:   09 48 a3 e4 06 f0 68 8b 04 81 8b 48 04 8b 11 50
0x68d50549:   8b 82 88 00 00 00 ff d0 8b 0d f0 06 f0 68 85 c9
0x68d50559:   0f 85 51 ff ff ff a1 14 07 f0 68 85 c0 0f 84 b8 


Register to memory mapping:

EAX=0x08c2ae08 is pointing into object: 0x08c2adf8
org.apache.xml.dtm.ref.DTMDefaultBaseIterators$ParentIterator 
 - klass: 'org/apache/xml/dtm/ref/DTMDefaultBaseIterators$ParentIterator'
EBX=0x00000000 is an unknown value
ECX=0x00010029 is an unknown value
EDX=0x00000100 is an unknown value
ESP=0x14d4f330 is an unknown value
EBP=0x14d4f348 is an unknown value
ESI=0x000003fe is an unknown value
EDI=0x09e23c18 is an oop
[C 
 - klass: {type array char}
 - length: 5


Stack: [0x14d00000,0x14d50000],  sp=0x14d4f330,  free space=316k
Native frames: (J=compiled Java code, j=interpreted, Vv=VM code, C=native code)
V  [jvm.dll+0x1b0549]
V  [jvm.dll+0x1b074c]
V  [jvm.dll+0x1756b3]
V  [jvm.dll+0x1741da]
V  [jvm.dll+0xa35e8]
V  [jvm.dll+0x96eab]
V  [jvm.dll+0x98177]
V  [jvm.dll+0x99eca]
V  [jvm.dll+0x9a339]
V  [jvm.dll+0x990bf]
V  [jvm.dll+0xa5792]
V  [jvm.dll+0x97d45]
V  [jvm.dll+0x91d15]
V  [jvm.dll+0x1b39e6]
V  [jvm.dll+0x17e18b]
V  [jvm.dll+0x17d591]
V  [jvm.dll+0x17d9a7]
V  [jvm.dll+0x17dba2]
V  [jvm.dll+0x1bd6e6]
C  [msvcr100.dll+0x5c556]
C  [msvcr100.dll+0x5c600]
C  [kernel32.dll+0x13677]
C  [ntdll.dll+0x39d72]
C  [ntdll.dll+0x39d45]

VM_Operation (0x00d1ec14): GenCollectForAllocation, mode: safepoint, requested by thread 0x001bcc00


---------------  P R O C E S S  ---------------

Java Threads: ( => current thread )
  0x01143000 JavaThread "Service Thread" daemon [_thread_blocked, id=644, stack(0x15790000,0x157e0000)]
  0x01125000 JavaThread "C1 CompilerThread0" daemon [_thread_blocked, id=3476, stack(0x15700000,0x15750000)]
  0x01118400 JavaThread "JDWP Command Reader" daemon [_thread_in_native, id=1156, stack(0x153f0000,0x15440000)]
  0x01117800 JavaThread "JDWP Event Helper Thread" daemon [_thread_blocked, id=2028, stack(0x15540000,0x15590000)]
  0x01113400 JavaThread "JDWP Transport Listener: dt_socket" daemon [_thread_blocked, id=5080, stack(0x15320000,0x15370000)]
  0x01107c00 JavaThread "Attach Listener" daemon [_thread_blocked, id=4136, stack(0x14e10000,0x14e60000)]
  0x0110f800 JavaThread "Signal Dispatcher" daemon [_thread_blocked, id=3208, stack(0x150a0000,0x150f0000)]
  0x010d4000 JavaThread "Finalizer" daemon [_thread_blocked, id=3472, stack(0x14e60000,0x14eb0000)]
  0x010d2c00 JavaThread "Reference Handler" daemon [_thread_blocked, id=1924, stack(0x14f10000,0x14f60000)]
  0x001bcc00 JavaThread "main" [_thread_blocked, id=4472, stack(0x00cd0000,0x00d20000)]

Other Threads:
=>0x010cd000 VMThread [stack: 0x14d00000,0x14d50000] [id=4120]
  0x0114c400 WatcherThread [stack: 0x15860000,0x158b0000] [id=5088]

VM state:at safepoint (normal execution)

VM Mutex/Monitor currently owned by a thread:  ([mutex/lock_event])
[0x001bab50] Threads_lock - owner thread: 0x010cd000
[0x001baf60] Heap_lock - owner thread: 0x001bcc00

Heap:
 def new generation   total 78656K, used 78655K [0x04800000, 0x09d50000, 0x09d50000)
  eden space 69952K, 100% used [0x04800000, 0x08c50000, 0x08c50000)
  from space 8704K,  99% used [0x094d0000, 0x09d4fc58, 0x09d50000)
  to   space 8704K,   0% used [0x08c50000, 0x08c50000, 0x094d0000)
 tenured generation   total 174784K, used 174784K [0x09d50000, 0x14800000, 0x14800000)
   the space 174784K, 100% used [0x09d50000, 0x14800000, 0x14800000, 0x14800000)
 Metaspace       used 4879K, capacity 4959K, committed 4992K, reserved 5504K

Card table byte_map: [0x00c40000,0x00cd0000] byte_map_base: 0x00c1c000

Polling page: 0x00170000

CodeCache: size=32768Kb used=3403Kb max_used=3403Kb free=29364Kb
 bounds [0x027b0000, 0x02b08000, 0x047b0000]
 total_blobs=1747 nmethods=1605 adapters=81
 compilation: enabled

Compilation events (10 events):
Event: 53.267 Thread 0x01125000 1602             edu.wayne.cs.severe.redress2.entity.refactoring.RefactoringOperation::getParams (5 bytes)
Event: 53.267 Thread 0x01125000 nmethod 1602 0x02af1348 code [0x02af1440, 0x02af14c0]
Event: 68.277 Thread 0x01125000 1603             edu.wayne.cs.severe.redress2.entity.refactoring.RefactoringParameter::getCodeObj (5 bytes)
Event: 68.278 Thread 0x01125000 nmethod 1603 0x02af1508 code [0x02af1600, 0x02af1680]
Event: 73.133 Thread 0x01125000 1604 %           space.GeneratingRefactorPDM::repairRefactor @ 283 (806 bytes)
Event: 73.144 Thread 0x01125000 nmethod 1604% 0x02af16c8 code [0x02af1e00, 0x02af50d4]
Event: 93.664 Thread 0x01125000 1605 %           space.GeneratingRefactorPDM::repairRefactor @ 24 (806 bytes)
Event: 93.674 Thread 0x01125000 nmethod 1605% 0x02afa288 code [0x02afa9b0, 0x02afd474]
Event: 960.187 Thread 0x01125000 1606             java.io.WinNTFileSystem::parentOrNull (171 bytes)
Event: 960.188 Thread 0x01125000 nmethod 1606 0x02b02448 code [0x02b025c0, 0x02b02940]

GC Heap History (10 events):
Event: 18988.765 GC heap after
Heap after GC invocations=57784 (full 1097):
 def new generation   total 78656K, used 9887K [0x04800000, 0x09d50000, 0x09d50000)
  eden space 69952K,  14% used [0x04800000, 0x051a7e70, 0x08c50000)
  from space 8704K,   0% used [0x094d0000, 0x094d0000, 0x09d50000)
  to   space 8704K,   0% used [0x08c50000, 0x08c50000, 0x094d0000)
 tenured generation   total 174784K, used 174784K [0x09d50000, 0x14800000, 0x14800000)
   the space 174784K, 100% used [0x09d50000, 0x14800000, 0x14800000, 0x14800000)
 Metaspace       used 4879K, capacity 4959K, committed 4992K, reserved 5504K
}
Event: 18989.621 GC heap before
{Heap before GC invocations=57784 (full 1097):
 def new generation   total 78656K, used 78651K [0x04800000, 0x09d50000, 0x09d50000)
  eden space 69952K, 100% used [0x04800000, 0x08c50000, 0x08c50000)
  from space 8704K,  99% used [0x094d0000, 0x09d4ecc0, 0x09d50000)
  to   space 8704K,   0% used [0x08c50000, 0x08c50000, 0x094d0000)
 tenured generation   total 174784K, used 174784K [0x09d50000, 0x14800000, 0x14800000)
   the space 174784K, 100% used [0x09d50000, 0x14800000, 0x14800000, 0x14800000)
 Metaspace       used 4879K, capacity 4959K, committed 4992K, reserved 5504K
Event: 18991.713 GC heap after
Heap after GC invocations=57785 (full 1098):
 def new generation   total 78656K, used 9893K [0x04800000, 0x09d50000, 0x09d50000)
  eden space 69952K,  14% used [0x04800000, 0x051a9480, 0x08c50000)
  from space 8704K,   0% used [0x094d0000, 0x094d0000, 0x09d50000)
  to   space 8704K,   0% used [0x08c50000, 0x08c50000, 0x094d0000)
 tenured generation   total 174784K, used 174784K [0x09d50000, 0x14800000, 0x14800000)
   the space 174784K, 100% used [0x09d50000, 0x14800000, 0x14800000, 0x14800000)
 Metaspace       used 4879K, capacity 4959K, committed 4992K, reserved 5504K
}
Event: 18992.592 GC heap before
{Heap before GC invocations=57785 (full 1098):
 def new generation   total 78656K, used 78643K [0x04800000, 0x09d50000, 0x09d50000)
  eden space 69952K, 100% used [0x04800000, 0x08c50000, 0x08c50000)
  from space 8704K,  99% used [0x094d0000, 0x09d4ce80, 0x09d50000)
  to   space 8704K,   0% used [0x08c50000, 0x08c50000, 0x094d0000)
 tenured generation   total 174784K, used 174784K [0x09d50000, 0x14800000, 0x14800000)
   the space 174784K, 100% used [0x09d50000, 0x14800000, 0x14800000, 0x14800000)
 Metaspace       used 4879K, capacity 4959K, committed 4992K, reserved 5504K
Event: 18994.681 GC heap after
Heap after GC invocations=57786 (full 1099):
 def new generation   total 78656K, used 9917K [0x04800000, 0x09d50000, 0x09d50000)
  eden space 69952K,  14% used [0x04800000, 0x051af718, 0x08c50000)
  from space 8704K,   0% used [0x094d0000, 0x094d0000, 0x09d50000)
  to   space 8704K,   0% used [0x08c50000, 0x08c50000, 0x094d0000)
 tenured generation   total 174784K, used 174784K [0x09d50000, 0x14800000, 0x14800000)
   the space 174784K, 100% used [0x09d50000, 0x14800000, 0x14800000, 0x14800000)
 Metaspace       used 4879K, capacity 4959K, committed 4992K, reserved 5504K
}
Event: 18995.515 GC heap before
{Heap before GC invocations=57786 (full 1099):
 def new generation   total 78656K, used 78655K [0x04800000, 0x09d50000, 0x09d50000)
  eden space 69952K, 100% used [0x04800000, 0x08c50000, 0x08c50000)
  from space 8704K,  99% used [0x094d0000, 0x09d4ffe8, 0x09d50000)
  to   space 8704K,   0% used [0x08c50000, 0x08c50000, 0x094d0000)
 tenured generation   total 174784K, used 174784K [0x09d50000, 0x14800000, 0x14800000)
   the space 174784K, 100% used [0x09d50000, 0x14800000, 0x14800000, 0x14800000)
 Metaspace       used 4879K, capacity 4959K, committed 4992K, reserved 5504K
Event: 18997.613 GC heap after
Heap after GC invocations=57787 (full 1100):
 def new generation   total 78656K, used 9942K [0x04800000, 0x09d50000, 0x09d50000)
  eden space 69952K,  14% used [0x04800000, 0x051b5a20, 0x08c50000)
  from space 8704K,   0% used [0x094d0000, 0x094d0000, 0x09d50000)
  to   space 8704K,   0% used [0x08c50000, 0x08c50000, 0x094d0000)
 tenured generation   total 174784K, used 174784K [0x09d50000, 0x14800000, 0x14800000)
   the space 174784K, 100% used [0x09d50000, 0x14800000, 0x14800000, 0x14800000)
 Metaspace       used 4879K, capacity 4959K, committed 4992K, reserved 5504K
}
Event: 18998.447 GC heap before
{Heap before GC invocations=57787 (full 1100):
 def new generation   total 78656K, used 78640K [0x04800000, 0x09d50000, 0x09d50000)
  eden space 69952K, 100% used [0x04800000, 0x08c50000, 0x08c50000)
  from space 8704K,  99% used [0x094d0000, 0x09d4c2d8, 0x09d50000)
  to   space 8704K,   0% used [0x08c50000, 0x08c50000, 0x094d0000)
 tenured generation   total 174784K, used 174784K [0x09d50000, 0x14800000, 0x14800000)
   the space 174784K, 100% used [0x09d50000, 0x14800000, 0x14800000, 0x14800000)
 Metaspace       used 4879K, capacity 4959K, committed 4992K, reserved 5504K
Event: 19000.543 GC heap after
Heap after GC invocations=57788 (full 1101):
 def new generation   total 78656K, used 9728K [0x04800000, 0x09d50000, 0x09d50000)
  eden space 69952K,  13% used [0x04800000, 0x051802c8, 0x08c50000)
  from space 8704K,   0% used [0x094d0000, 0x094d0000, 0x09d50000)
  to   space 8704K,   0% used [0x08c50000, 0x08c50000, 0x094d0000)
 tenured generation   total 174784K, used 174784K [0x09d50000, 0x14800000, 0x14800000)
   the space 174784K, 100% used [0x09d50000, 0x14800000, 0x14800000, 0x14800000)
 Metaspace       used 4879K, capacity 4959K, committed 4992K, reserved 5504K
}
Event: 19001.399 GC heap before
{Heap before GC invocations=57788 (full 1101):
 def new generation   total 78656K, used 78655K [0x04800000, 0x09d50000, 0x09d50000)
  eden space 69952K, 100% used [0x04800000, 0x08c50000, 0x08c50000)
  from space 8704K,  99% used [0x094d0000, 0x09d4fc58, 0x09d50000)
  to   space 8704K,   0% used [0x08c50000, 0x08c50000, 0x094d0000)
 tenured generation   total 174784K, used 174784K [0x09d50000, 0x14800000, 0x14800000)
   the space 174784K, 100% used [0x09d50000, 0x14800000, 0x14800000, 0x14800000)
 Metaspace       used 4879K, capacity 4959K, committed 4992K, reserved 5504K

Deoptimization events (0 events):
No events

Internal exceptions (10 events):
Event: 49.022 Thread 0x001bcc00 Implicit null exception at 0x02ab6e35 to 0x02ab741b
Event: 49.022 Thread 0x001bcc00 Exception <a 'java/lang/NullPointerException'> (0x04bfff20) thrown at [C:\re\workspace\8-2-build-windows-i586-cygwin\jdk8u45\3627\hotspot\src\share\vm\runtime\sharedRuntime.cpp, line 605]
Event: 49.841 Thread 0x001bcc00 Implicit null exception at 0x02ab6e35 to 0x02ab741b
Event: 49.842 Thread 0x001bcc00 Exception <a 'java/lang/NullPointerException'> (0x04943888) thrown at [C:\re\workspace\8-2-build-windows-i586-cygwin\jdk8u45\3627\hotspot\src\share\vm\runtime\sharedRuntime.cpp, line 605]
Event: 49.995 Thread 0x001bcc00 Implicit null exception at 0x02ab6e35 to 0x02ab741b
Event: 49.995 Thread 0x001bcc00 Exception <a 'java/lang/NullPointerException'> (0x04a8aea8) thrown at [C:\re\workspace\8-2-build-windows-i586-cygwin\jdk8u45\3627\hotspot\src\share\vm\runtime\sharedRuntime.cpp, line 605]
Event: 49.995 Thread 0x001bcc00 Implicit null exception at 0x02ab6e35 to 0x02ab741b
Event: 49.995 Thread 0x001bcc00 Exception <a 'java/lang/NullPointerException'> (0x04a8b2d8) thrown at [C:\re\workspace\8-2-build-windows-i586-cygwin\jdk8u45\3627\hotspot\src\share\vm\runtime\sharedRuntime.cpp, line 605]
Event: 50.107 Thread 0x001bcc00 Implicit null exception at 0x02ab6e35 to 0x02ab741b
Event: 50.107 Thread 0x001bcc00 Exception <a 'java/lang/NullPointerException'> (0x0497f548) thrown at [C:\re\workspace\8-2-build-windows-i586-cygwin\jdk8u45\3627\hotspot\src\share\vm\runtime\sharedRuntime.cpp, line 605]

Events (10 events):
Event: 19001.391 Thread 0x001bcc00 DEOPT UNPACKING pc=0x027ec35b sp=0x00d1eda4 mode 1
Event: 19001.391 Thread 0x001bcc00 DEOPT PACKING pc=0x02a76754 sp=0x00d1ef40
Event: 19001.391 Thread 0x001bcc00 DEOPT UNPACKING pc=0x027ec35b sp=0x00d1ee88 mode 1
Event: 19001.395 Thread 0x001bcc00 DEOPT PACKING pc=0x028f7e01 sp=0x00d1eec0
Event: 19001.395 Thread 0x001bcc00 DEOPT UNPACKING pc=0x027ec35b sp=0x00d1ed54 mode 1
Event: 19001.395 Thread 0x001bcc00 DEOPT PACKING pc=0x028a979c sp=0x00d1ef00
Event: 19001.395 Thread 0x001bcc00 DEOPT UNPACKING pc=0x027ec35b sp=0x00d1eda4 mode 1
Event: 19001.395 Thread 0x001bcc00 DEOPT PACKING pc=0x02a76754 sp=0x00d1ef40
Event: 19001.395 Thread 0x001bcc00 DEOPT UNPACKING pc=0x027ec35b sp=0x00d1ee88 mode 1
Event: 19001.399 Executing VM operation: GenCollectForAllocation


Dynamic libraries:
0x01370000 - 0x013a3000 	C:\Program Files (x86)\Java\jre1.8.0_45\bin\javaw.exe
0x77cb0000 - 0x77e30000 	C:\Windows\SysWOW64\ntdll.dll
0x76250000 - 0x76350000 	C:\Windows\syswow64\kernel32.dll
0x75eb0000 - 0x75ef6000 	C:\Windows\syswow64\KERNELBASE.dll
0x764e0000 - 0x76580000 	C:\Windows\syswow64\ADVAPI32.dll
0x759f0000 - 0x75a9c000 	C:\Windows\syswow64\msvcrt.dll
0x75fb0000 - 0x75fc9000 	C:\Windows\SysWOW64\sechost.dll
0x766e0000 - 0x767d0000 	C:\Windows\syswow64\RPCRT4.dll
0x75820000 - 0x75880000 	C:\Windows\syswow64\SspiCli.dll
0x75810000 - 0x7581c000 	C:\Windows\syswow64\CRYPTBASE.dll
0x76350000 - 0x76450000 	C:\Windows\syswow64\USER32.dll
0x76450000 - 0x764e0000 	C:\Windows\syswow64\GDI32.dll
0x767d0000 - 0x767da000 	C:\Windows\syswow64\LPK.dll
0x75cd0000 - 0x75d6d000 	C:\Windows\syswow64\USP10.dll
0x73d80000 - 0x73f1e000 	C:\Windows\WinSxS\x86_microsoft.windows.common-controls_6595b64144ccf1df_6.0.7600.16385_none_421189da2b7fabfc\COMCTL32.dll
0x760f0000 - 0x76147000 	C:\Windows\syswow64\SHLWAPI.dll
0x75f00000 - 0x75f60000 	C:\Windows\system32\IMM32.DLL
0x774b0000 - 0x7757c000 	C:\Windows\syswow64\MSCTF.dll
0x70ea0000 - 0x70f5f000 	C:\Program Files (x86)\Java\jre1.8.0_45\bin\msvcr100.dll
0x68ba0000 - 0x68f60000 	C:\Program Files (x86)\Java\jre1.8.0_45\bin\client\jvm.dll
0x74080000 - 0x74087000 	C:\Windows\system32\WSOCK32.dll
0x76180000 - 0x761b5000 	C:\Windows\syswow64\WS2_32.dll
0x75d70000 - 0x75d76000 	C:\Windows\syswow64\NSI.dll
0x75790000 - 0x757c2000 	C:\Windows\system32\WINMM.dll
0x74170000 - 0x74179000 	C:\Windows\system32\VERSION.dll
0x759c0000 - 0x759c5000 	C:\Windows\syswow64\PSAPI.DLL
0x74090000 - 0x7409c000 	C:\Program Files (x86)\Java\jre1.8.0_45\bin\verify.dll
0x73b80000 - 0x73ba1000 	C:\Program Files (x86)\Java\jre1.8.0_45\bin\java.dll
0x70ff0000 - 0x71019000 	C:\Program Files (x86)\Java\jre1.8.0_45\bin\jdwp.dll
0x70fe0000 - 0x70fe7000 	C:\Program Files (x86)\Java\jre1.8.0_45\bin\npt.dll
0x73bc0000 - 0x73bd3000 	C:\Program Files (x86)\Java\jre1.8.0_45\bin\zip.dll
0x767e0000 - 0x77429000 	C:\Windows\syswow64\SHELL32.dll
0x76580000 - 0x766dc000 	C:\Windows\syswow64\ole32.dll
0x74130000 - 0x7413b000 	C:\Windows\system32\profapi.dll
0x718f0000 - 0x718f8000 	C:\Program Files (x86)\Java\jre1.8.0_45\bin\dt_socket.dll
0x75100000 - 0x75110000 	C:\Windows\system32\NLAapi.dll
0x74e60000 - 0x74e9c000 	C:\Windows\System32\mswsock.dll
0x75740000 - 0x75784000 	C:\Windows\system32\DNSAPI.dll
0x73a50000 - 0x73a58000 	C:\Windows\System32\winrnr.dll
0x73a40000 - 0x73a50000 	C:\Windows\system32\napinsp.dll
0x6a3c0000 - 0x6a3d2000 	C:\Windows\system32\pnrpnsp.dll
0x73f80000 - 0x73f9c000 	C:\Windows\system32\IPHLPAPI.DLL
0x73f70000 - 0x73f77000 	C:\Windows\system32\WINNSI.DLL
0x74d50000 - 0x74d88000 	C:\Windows\System32\fwpuclnt.dll
0x74d90000 - 0x74d96000 	C:\Windows\system32\rasadhlp.dll
0x74de0000 - 0x74de5000 	C:\Windows\System32\wshtcpip.dll
0x738f0000 - 0x739db000 	C:\Windows\system32\dbghelp.dll

VM Arguments:
jvm_args: -agentlib:jdwp=transport=dt_socket,suspend=y,address=localhost:49862 -Dfile.encoding=Cp1252 
java_command: test.TestRefactorRepair
java_class_path (initial): D:\thesisCode\git\biorimp\BIO-RIMP\bin;D:\thesisCode\git\biorimp\BIO-RIMP\libs\agents.jar;D:\thesisCode\git\biorimp\BIO-RIMP\libs\gui.jar;D:\thesisCode\git\biorimp\BIO-RIMP\libs\math.jar;D:\thesisCode\git\biorimp\BIO-RIMP\libs\optimization.jar;D:\thesisCode\git\biorimp\BIO-RIMP\libs\random.jar;D:\thesisCode\git\biorimp\BIO-RIMP\libs\services.jar;D:\thesisCode\git\biorimp\BIO-RIMP\libs\types.jar;D:\thesisCode\git\biorimp\BIO-RIMP\libs\commons-cli-1.2.jar;D:\thesisCode\git\biorimp\BIO-RIMP\libs\commons-io-1.3.2.jar;D:\thesisCode\git\biorimp\BIO-RIMP\libs\gson-2.2.4.jar;D:\thesisCode\git\biorimp\BIO-RIMP\libs\hamcrest-core-1.3.jar;D:\thesisCode\git\biorimp\BIO-RIMP\libs\junit-4.11.jar;D:\thesisCode\git\biorimp\BIO-RIMP\libs\log4j-1.2.17.jar;D:\thesisCode\git\biorimp\BIO-RIMP\libs\serializer-2.7.1.jar;D:\thesisCode\git\biorimp\BIO-RIMP\libs\slf4j-api-1.7.6.jar;D:\thesisCode\git\biorimp\BIO-RIMP\libs\slf4j-log4j12-1.7.6.jar;D:\thesisCode\git\biorimp\BIO-RIMP\libs\xalan-2.7.1.jar;D:\thesisCode\git\biorimp\BIO-RIMP\libs\xml-apis-1.3.04.jar
Launcher Type: SUN_STANDARD

Environment Variables:
PATH=C:/Program Files (x86)/Java/jre1.8.0_45/bin/client;C:/Program Files (x86)/Java/jre1.8.0_45/bin;C:/Program Files (x86)/Java/jre1.8.0_45/lib/i386;C:\ProgramData\Oracle\Java\javapath;C:\Windows\system32;C:\Windows;C:\Windows\System32\Wbem;C:\Windows\System32\WindowsPowerShell\v1.0\;C:\Program Files (x86)\Skype\Phone\;C:\Users\Daavid\Desktop\eclipse;
USERNAME=Daavid
OS=Windows_NT
PROCESSOR_IDENTIFIER=Intel64 Family 6 Model 23 Stepping 10, GenuineIntel



---------------  S Y S T E M  ---------------

OS: Windows 7 , 64 bit Build 7600 (6.1.7600.16385)

CPU:total 2 (2 cores per cpu, 1 threads per core) family 6 model 23 stepping 10, cmov, cx8, fxsr, mmx, sse, sse2, sse3, ssse3, sse4.1, tsc

Memory: 4k page, physical 4155764k(1730464k free), swap 8309632k(5395912k free)

vm_info: Java HotSpot(TM) Client VM (25.45-b02) for windows-x86 JRE (1.8.0_45-b15), built on Apr 30 2015 12:31:00 by "java_re" with MS VC++ 10.0 (VS2010)

time: Thu Oct 01 16:34:57 2015
elapsed time: 19001 seconds (0d 5h 16m 41s)

